<?xml version="1.0" encoding="utf-8"?><testsuites name="pytest tests"><testsuite name="pytest" errors="0" failures="0" skipped="1" tests="58" time="0.789" timestamp="2026-08-17T11:34:33.616158+07:00" hostname="DESKTOP-5836H7F"><properties>
[...]
</properties><testcase classname=".synthetic-evaluation.candidates.run-02.tests_ai.test_calculator" name="test_examples[1-False-5000]" time="0.003" /><testcase classname=".synthetic-evaluation.candidates.run-02.tests_ai.test_calculator" name="test_examples[1-True-4000]" time="0.001" /><testcase classname=".synthetic-evaluation.candidates.run-02.tests_ai.test_calculator" name="test_examples[500000-False-5000]" time="0.001" /><testcase classname=".synthetic-evaluation.candidates.run-02.tests_ai.test_calculator" name="test_examples[1000000-False-10000]" time="0.001" /><testcase classname=".synthetic-evaluation.candidates.run-02.tests_ai.test_calculator" name="test_examples[1000000-True-8000]" time="0.001" /><testcase classname=".synthetic-evaluation.candidates.run-02.tests_ai.test_calculator" name="test_examples[1050000-False-11000]" time="0.001" /><testcase classname=".synthetic-evaluation.candidates.run-02.tests_ai.test_calculator" name="test_examples[5000000-False-50000]" time="0.001" /><testcase classname=".synthetic-evaluation.candidates.run-02.tests_ai.test_calculator" name="test_examples[10000000-True-40000]" time="0.001" /><testcase classname=".synthetic-evaluation.candidates.run-02.tests_ai.test_calculator" name="test_non_positive_amount[0]" time="0.001" /><testcase classname=".synthetic-evaluation.candidates.run-02.tests_ai.test_calculator" name="test_non_positive_amount[-1]" time="0.000" /><testcase classname=".synthetic-evaluation.candidates.run-02.tests_ai.test_calculator" name="test_invalid_amount_type[True]" time="0.000" /><testcase classname=".synthetic-evaluation.candidates.run-02.tests_ai.test_calculator" name="test_invalid_amount_type[1.0]" time="0.000" /><testcase classname=".synthetic-evaluation.candidates.run-02.tests_ai.test_calculator" name="test_invalid_amount_type[1000]" time="0.000" /><testcase classname=".synthetic-evaluation.candidates.run-02.tests_ai.test_calculator" name="test_invalid_amount_type[None]" time="0.000" /><testcase classname=".synthetic-evaluation.candidates.run-02.tests_ai.test_calculator" name="test_invalid_vip_type" time="0.000" /><testcase classname=".synthetic-evaluation.tests_independent.test_acceptance" name="test_acceptance_examples[1-False-5000]" time="0.001" /><testcase classname=".synthetic-evaluation.tests_independent.test_acceptance" name="test_acceptance_examples[1-True-4000]" time="0.001" /><testcase classname=".synthetic-evaluation.tests_independent.test_acceptance" name="test_acceptance_examples[500000-False-5000]" time="0.001" /><testcase classname=".synthetic-evaluation.tests_independent.test_acceptance" name="test_acceptance_examples[500000-True-4000]" time="0.001" /><testcase classname=".synthetic-evaluation.tests_independent.test_acceptance" name="test_acceptance_examples[4850000-False-49000]" time="0.001" /><testcase classname=".synthetic-evaluation.tests_independent.test_acceptance" name="test_acceptance_examples[4850000-True-39000]" time="0.001" /><testcase classname=".synthetic-evaluation.tests_independent.test_acceptance" name="test_acceptance_examples[5000000-False-50000]" time="0.001" /><testcase classname=".synthetic-evaluation.tests_independent.test_acceptance" name="test_acceptance_examples[5000000-True-40000]" time="0.001" /><testcase classname=".synthetic-evaluation.tests_independent.test_acceptance" name="test_acceptance_examples[9000000-False-50000]" time="0.001" /><testcase classname=".synthetic-evaluation.tests_independent.test_acceptance" name="test_acceptance_examples[9000000-True-40000]" time="0.001" /><testcase classname=".synthetic-evaluation.tests_independent.test_acceptance" name="test_non_positive_amounts_raise_value_error[0]" time="0.001" /><testcase classname=".synthetic-evaluation.tests_independent.test_acceptance" name="test_non_positive_amounts_raise_value_error[-1]" time="0.001" /><testcase classname=".synthetic-evaluation.tests_independent.test_acceptance" name="test_invalid_amount_types_raise_type_error[1.5]" time="0.000" /><testcase classname=".synthetic-evaluation.tests_independent.test_acceptance" name="test_invalid_amount_types_raise_type_error[1000]" time="0.000" /><testcase classname=".synthetic-evaluation.tests_independent.test_acceptance" name="test_invalid_amount_types_raise_type_error[True]" time="0.001" /><testcase classname=".synthetic-evaluation.tests_independent.test_acceptance" name="test_invalid_amount_types_raise_type_error[None]" time="0.001" /><testcase classname=".synthetic-evaluation.tests_independent.test_acceptance" name="test_invalid_vip_types_raise_type_error[0]" time="0.001" /><testcase classname=".synthetic-evaluation.tests_independent.test_acceptance" name="test_invalid_vip_types_raise_type_error[1]" time="0.000" /><testcase classname=".synthetic-evaluation.tests_independent.test_acceptance" name="test_invalid_vip_types_raise_type_error[None]" time="0.000" /><testcase classname=".synthetic-evaluation.tests_independent.test_acceptance" name="test_invalid_vip_types_raise_type_error[yes]" time="0.000" /><testcase classname=".synthetic-evaluation.tests_independent.test_acceptance" name="test_reference_examples_are_self_consistent" time="0.000" /><testcase classname=".synthetic-evaluation.tests_independent.test_properties" name="test_range" time="0.094" /><testcase classname=".synthetic-evaluation.tests_independent.test_properties" name="test_monotonicity" time="0.093" /><testcase classname=".synthetic-evaluation.tests_independent.test_properties" name="test_vip_relation" time="0.057" /><testcase classname=".synthetic-evaluation.tests_independent.test_properties" name="test_lower_plateau" time="0.071" /><testcase classname=".synthetic-evaluation.tests_independent.test_properties" name="test_upper_plateau" time="0.060" /><testcase classname=".synthetic-evaluation.tests_independent.test_properties" name="test_boundary_and_rounding" time="0.007" /><testcase classname=".synthetic-evaluation.tests_independent.test_properties" name="test_type_contract[False]" time="0.001" /><testcase classname=".synthetic-evaluation.tests_independent.test_properties" name="test_type_contract[True]" time="0.000" /><testcase classname=".synthetic-evaluation.tests_independent.test_properties" name="test_type_contract[1.0]" time="0.000" /><testcase classname=".synthetic-evaluation.tests_independent.test_properties" name="test_type_contract[1]" time="0.001" /><testcase classname=".synthetic-evaluation.tests_independent.test_properties" name="test_type_contract[None]" time="0.000" /><testcase classname=".synthetic-evaluation.tests_independent.test_properties" name="test_type_contract[invalid5]" time="0.000" /><testcase classname=".synthetic-evaluation.tests_independent.test_properties" name="test_type_contract[invalid6]" time="0.000" /><testcase classname=".synthetic-evaluation.tests_independent.test_properties" name="test_vip_type_contract[0]" time="0.001" /><testcase classname=".synthetic-evaluation.tests_independent.test_properties" name="test_vip_type_contract[1]" time="0.001" /><testcase classname=".synthetic-evaluation.tests_independent.test_properties" name="test_vip_type_contract[1.0]" time="0.000" /><testcase classname=".synthetic-evaluation.tests_independent.test_properties" name="test_vip_type_contract[true]" time="0.000" /><testcase classname=".synthetic-evaluation.tests_independent.test_properties" name="test_vip_type_contract[None]" time="0.001" /><testcase classname=".synthetic-evaluation.tests_independent.test_properties" name="test_vip_type_contract[invalid_vip5]" time="0.000" /><testcase classname=".synthetic-evaluation.tests_independent.test_properties" name="test_vip_type_contract[invalid_vip6]" time="0.000" /><testcase classname=".synthetic-evaluation.tests_independent.test_properties" name="test_reference_equivalence" time="0.068" /><testcase classname=".synthetic-evaluation.tests_independent.test_reference_suite" name="test_reference_implementation_passes_when_requested" time="0.001"><skipped type="pytest.skip" message="reference self-check is opt-in">/home/tung/code/IT4490/tests_independent/test_reference_suite.py:18: reference self-check is opt-in</skipped></testcase></testsuite></testsuites>