<?xml version="1.0" encoding="utf-8"?><testsuites name="pytest tests"><testsuite name="pytest" errors="0" failures="2" skipped="1" tests="84" time="0.863" timestamp="2026-08-15T21:16:16.028928+07:00" hostname="DESKTOP-5836H7F"><properties>
[...]
</properties><testcase classname="candidates.run-01.tests_ai.test_calculator" name="test_minimum_fee" time="0.001" /><testcase classname="candidates.run-01.tests_ai.test_calculator" name="test_exact_minimum_fee" time="0.001" /><testcase classname="candidates.run-01.tests_ai.test_calculator" name="test_fee_between_min_and_max" time="0.000" /><testcase classname="candidates.run-01.tests_ai.test_calculator" name="test_exact_maximum_fee" time="0.000" /><testcase classname="candidates.run-01.tests_ai.test_calculator" name="test_maximum_fee" time="0.000" /><testcase classname="candidates.run-01.tests_ai.test_calculator" name="test_round_down_to_nearest_1000" time="0.000" /><testcase classname="candidates.run-01.tests_ai.test_calculator" name="test_round_up_to_nearest_1000" time="0.000" /><testcase classname="candidates.run-01.tests_ai.test_calculator" name="test_half_rounds_up" time="0.000" /><testcase classname="candidates.run-01.tests_ai.test_calculator" name="test_vip_regular_fee" time="0.000" /><testcase classname="candidates.run-01.tests_ai.test_calculator" name="test_vip_minimum_base_fee" time="0.000" /><testcase classname="candidates.run-01.tests_ai.test_calculator" name="test_vip_maximum_base_fee" time="0.000" /><testcase classname="candidates.run-01.tests_ai.test_calculator" name="test_vip_rounding_down" time="0.000" /><testcase classname="candidates.run-01.tests_ai.test_calculator" name="test_vip_rounding_up" time="0.000" /><testcase classname="candidates.run-01.tests_ai.test_calculator" name="test_vip_half_rounds_up" time="0.000" /><testcase classname="candidates.run-01.tests_ai.test_calculator" name="test_float_amount" time="0.000" /><testcase classname="candidates.run-01.tests_ai.test_calculator" name="test_decimal_amount" time="0.000" /><testcase classname="candidates.run-01.tests_ai.test_calculator" name="test_zero_and_negative_amounts_rejected[0]" time="0.001" /><testcase classname="candidates.run-01.tests_ai.test_calculator" name="test_zero_and_negative_amounts_rejected[-1]" time="0.001" /><testcase classname="candidates.run-01.tests_ai.test_calculator" name="test_zero_and_negative_amounts_rejected[-100000]" time="0.001" /><testcase classname="candidates.run-01.tests_ai.test_calculator" name="test_zero_and_negative_amounts_rejected[amount3]" time="0.001" /><testcase classname="candidates.run-01.tests_ai.test_calculator" name="test_zero_and_negative_amounts_rejected[amount4]" time="0.001" /><testcase classname="candidates.run-01.tests_ai.test_calculator" name="test_non_finite_amounts_rejected[nan]" time="0.001" /><testcase classname="candidates.run-01.tests_ai.test_calculator" name="test_non_finite_amounts_rejected[inf]" time="0.001" /><testcase classname="candidates.run-01.tests_ai.test_calculator" name="test_non_finite_amounts_rejected[-inf]" time="0.001" /><testcase classname="candidates.run-01.tests_ai.test_calculator" name="test_non_finite_amounts_rejected[amount3]" time="0.001" /><testcase classname="candidates.run-01.tests_ai.test_calculator" name="test_non_finite_amounts_rejected[amount4]" time="0.000" /><testcase classname="candidates.run-01.tests_ai.test_calculator" name="test_non_finite_amounts_rejected[amount5]" time="0.001" /><testcase classname="candidates.run-01.tests_ai.test_calculator" name="test_non_numeric_amounts_rejected[None]" time="0.001" /><testcase classname="candidates.run-01.tests_ai.test_calculator" name="test_non_numeric_amounts_rejected[1000000]" time="0.000" /><testcase classname="candidates.run-01.tests_ai.test_calculator" name="test_non_numeric_amounts_rejected[]" time="0.001" /><testcase classname="candidates.run-01.tests_ai.test_calculator" name="test_non_numeric_amounts_rejected[amount3]" time="0.000" /><testcase classname="candidates.run-01.tests_ai.test_calculator" name="test_non_numeric_amounts_rejected[amount4]" time="0.001" /><testcase classname="candidates.run-01.tests_ai.test_calculator" name="test_non_numeric_amounts_rejected[amount5]" time="0.001" /><testcase classname="candidates.run-01.tests_ai.test_calculator" name="test_non_numeric_amounts_rejected[True]" time="0.001" /><testcase classname="candidates.run-01.tests_ai.test_calculator" name="test_non_numeric_amounts_rejected[False]" time="0.001" /><testcase classname="candidates.run-01.tests_ai.test_calculator" name="test_invalid_vip_flag_rejected[1]" time="0.001" /><testcase classname="candidates.run-01.tests_ai.test_calculator" name="test_invalid_vip_flag_rejected[0]" time="0.001" /><testcase classname="candidates.run-01.tests_ai.test_calculator" name="test_invalid_vip_flag_rejected[yes]" time="0.001" /><testcase classname="candidates.run-01.tests_ai.test_calculator" name="test_invalid_vip_flag_rejected[false]" time="0.000" /><testcase classname="candidates.run-01.tests_ai.test_calculator" name="test_invalid_vip_flag_rejected[None]" time="0.001" /><testcase classname="candidates.run-01.tests_ai.test_calculator" name="test_invalid_vip_flag_rejected[is_vip5]" time="0.001" /><testcase classname="tests_independent.test_acceptance" name="test_acceptance_examples[1-False-5000]" time="0.001" /><testcase classname="tests_independent.test_acceptance" name="test_acceptance_examples[1-True-4000]" time="0.001" /><testcase classname="tests_independent.test_acceptance" name="test_acceptance_examples[500000-False-5000]" time="0.001" /><testcase classname="tests_independent.test_acceptance" name="test_acceptance_examples[500000-True-4000]" time="0.001" /><testcase classname="tests_independent.test_acceptance" name="test_acceptance_examples[4850000-False-49000]" time="0.001" /><testcase classname="tests_independent.test_acceptance" name="test_acceptance_examples[4850000-True-39000]" time="0.001" /><testcase classname="tests_independent.test_acceptance" name="test_acceptance_examples[5000000-False-50000]" time="0.001" /><testcase classname="tests_independent.test_acceptance" name="test_acceptance_examples[5000000-True-40000]" time="0.001" /><testcase classname="tests_independent.test_acceptance" name="test_acceptance_examples[9000000-False-50000]" time="0.001" /><testcase classname="tests_independent.test_acceptance" name="test_acceptance_examples[9000000-True-40000]" time="0.001" /><testcase classname="tests_independent.test_acceptance" name="test_non_positive_amounts_raise_value_error[0]" time="0.001" /><testcase classname="tests_independent.test_acceptance" name="test_non_positive_amounts_raise_value_error[-1]" time="0.001" /><testcase classname="tests_independent.test_acceptance" name="test_invalid_amount_types_raise_type_error[1.5]" time="0.001"><failure message="Failed: DID NOT RAISE TypeError">calculate_transfer_fee = &lt;function calculate_transfer_fee at 0x78550e00dee0&gt;
amount_vnd = 1.5

    @pytest.mark.independent
    @pytest.mark.parametrize("amount_vnd", [1.5, "1000", True, None])
    def test_invalid_amount_types_raise_type_error(
        calculate_transfer_fee: object, amount_vnd: object
    ) -&gt; None:
&gt;       with pytest.raises(TypeError):
E       Failed: DID NOT RAISE TypeError

amount_vnd = 1.5
calculate_transfer_fee = &lt;function calculate_transfer_fee at 0x78550e00dee0&gt;

../../tests_independent/test_acceptance.py:37: Failed</failure></testcase><testcase classname="tests_independent.test_acceptance" name="test_invalid_amount_types_raise_type_error[1000]" time="0.001" /><testcase classname="tests_independent.test_acceptance" name="test_invalid_amount_types_raise_type_error[True]" time="0.001" /><testcase classname="tests_independent.test_acceptance" name="test_invalid_amount_types_raise_type_error[None]" time="0.001" /><testcase classname="tests_independent.test_acceptance" name="test_invalid_vip_types_raise_type_error[0]" time="0.001" /><testcase classname="tests_independent.test_acceptance" name="test_invalid_vip_types_raise_type_error[1]" time="0.001" /><testcase classname="tests_independent.test_acceptance" name="test_invalid_vip_types_raise_type_error[None]" time="0.000" /><testcase classname="tests_independent.test_acceptance" name="test_invalid_vip_types_raise_type_error[yes]" time="0.001" /><testcase classname="tests_independent.test_acceptance" name="test_reference_examples_are_self_consistent" time="0.000" /><testcase classname="tests_independent.test_properties" name="test_range" time="0.098" /><testcase classname="tests_independent.test_properties" name="test_monotonicity" time="0.099" /><testcase classname="tests_independent.test_properties" name="test_vip_relation" time="0.062" /><testcase classname="tests_independent.test_properties" name="test_lower_plateau" time="0.064" /><testcase classname="tests_independent.test_properties" name="test_upper_plateau" time="0.063" /><testcase classname="tests_independent.test_properties" name="test_boundary_and_rounding" time="0.008" /><testcase classname="tests_independent.test_properties" name="test_type_contract[False]" time="0.001" /><testcase classname="tests_independent.test_properties" name="test_type_contract[True]" time="0.000" /><testcase classname="tests_independent.test_properties" name="test_type_contract[1.0]" time="0.001"><failure message="Failed: DID NOT RAISE TypeError">calculate_transfer_fee = &lt;function calculate_transfer_fee at 0x78550e00dee0&gt;
invalid = 1.0

    @pytest.mark.independent
    @pytest.mark.parametrize("invalid", [False, True, 1.0, "1", None, [], {}])
    def test_type_contract(calculate_transfer_fee: Callable[..., int], invalid: object) -&gt; None:
&gt;       with pytest.raises(TypeError):
E       Failed: DID NOT RAISE TypeError

calculate_transfer_fee = &lt;function calculate_transfer_fee at 0x78550e00dee0&gt;
invalid    = 1.0

../../tests_independent/test_properties.py:92: Failed</failure></testcase><testcase classname="tests_independent.test_properties" name="test_type_contract[1]" time="0.001" /><testcase classname="tests_independent.test_properties" name="test_type_contract[None]" time="0.000" /><testcase classname="tests_independent.test_properties" name="test_type_contract[invalid5]" time="0.000" /><testcase classname="tests_independent.test_properties" name="test_type_contract[invalid6]" time="0.000" /><testcase classname="tests_independent.test_properties" name="test_vip_type_contract[0]" time="0.001" /><testcase classname="tests_independent.test_properties" name="test_vip_type_contract[1]" time="0.001" /><testcase classname="tests_independent.test_properties" name="test_vip_type_contract[1.0]" time="0.001" /><testcase classname="tests_independent.test_properties" name="test_vip_type_contract[true]" time="0.000" /><testcase classname="tests_independent.test_properties" name="test_vip_type_contract[None]" time="0.001" /><testcase classname="tests_independent.test_properties" name="test_vip_type_contract[invalid_vip5]" time="0.001" /><testcase classname="tests_independent.test_properties" name="test_vip_type_contract[invalid_vip6]" time="0.001" /><testcase classname="tests_independent.test_properties" name="test_reference_equivalence" time="0.072" /><testcase classname="tests_independent.test_reference_suite" name="test_reference_implementation_passes_when_requested" time="0.001"><skipped type="pytest.skip" message="reference self-check is opt-in">/home/tung/code/IT4490/tests_independent/test_reference_suite.py:18: reference self-check is opt-in</skipped></testcase></testsuite></testsuites>