<?xml version="1.0" encoding="utf-8"?><testsuites name="pytest tests"><testsuite name="pytest" errors="0" failures="0" skipped="0" tests="15" time="0.081" timestamp="2026-08-17T11:34:33.126296+07:00" hostname="DESKTOP-5836H7F"><testcase classname=".synthetic-evaluation.candidates.run-02.tests_ai.test_calculator" name="test_examples[1-False-5000]" time="0.002" /><testcase classname=".synthetic-evaluation.candidates.run-02.tests_ai.test_calculator" name="test_examples[1-True-4000]" time="0.001" /><testcase classname=".synthetic-evaluation.candidates.run-02.tests_ai.test_calculator" name="test_examples[500000-False-5000]" time="0.001" /><testcase classname=".synthetic-evaluation.candidates.run-02.tests_ai.test_calculator" name="test_examples[1000000-False-10000]" time="0.001" /><testcase classname=".synthetic-evaluation.candidates.run-02.tests_ai.test_calculator" name="test_examples[1000000-True-8000]" time="0.001" /><testcase classname=".synthetic-evaluation.candidates.run-02.tests_ai.test_calculator" name="test_examples[1050000-False-11000]" time="0.001" /><testcase classname=".synthetic-evaluation.candidates.run-02.tests_ai.test_calculator" name="test_examples[5000000-False-50000]" time="0.001" /><testcase classname=".synthetic-evaluation.candidates.run-02.tests_ai.test_calculator" name="test_examples[10000000-True-40000]" time="0.001" /><testcase classname=".synthetic-evaluation.candidates.run-02.tests_ai.test_calculator" name="test_non_positive_amount[0]" time="0.001" /><testcase classname=".synthetic-evaluation.candidates.run-02.tests_ai.test_calculator" name="test_non_positive_amount[-1]" time="0.000" /><testcase classname=".synthetic-evaluation.candidates.run-02.tests_ai.test_calculator" name="test_invalid_amount_type[True]" time="0.001" /><testcase classname=".synthetic-evaluation.candidates.run-02.tests_ai.test_calculator" name="test_invalid_amount_type[1.0]" time="0.001" /><testcase classname=".synthetic-evaluation.candidates.run-02.tests_ai.test_calculator" name="test_invalid_amount_type[1000]" time="0.000" /><testcase classname=".synthetic-evaluation.candidates.run-02.tests_ai.test_calculator" name="test_invalid_amount_type[None]" time="0.000" /><testcase classname=".synthetic-evaluation.candidates.run-02.tests_ai.test_calculator" name="test_invalid_vip_type" time="0.000" /></testsuite></testsuites>