<?xml version="1.0" encoding="utf-8"?><testsuites name="pytest tests"><testsuite name="pytest" errors="0" failures="0" skipped="0" tests="3" time="0.062" timestamp="2026-08-17T11:34:19.507681+07:00" hostname="DESKTOP-5836H7F"><testcase classname=".synthetic-evaluation.candidates.run-01.tests_ai.test_calculator" name="test_minimum_fee" time="0.001" /><testcase classname=".synthetic-evaluation.candidates.run-01.tests_ai.test_calculator" name="test_regular_fee" time="0.000" /><testcase classname=".synthetic-evaluation.candidates.run-01.tests_ai.test_calculator" name="test_vip_fee" time="0.000" /></testsuite></testsuites>