<?xml version="1.0" encoding="utf-8"?><testsuites name="pytest tests"><testsuite name="pytest" errors="0" failures="0" skipped="0" tests="41" time="0.112" timestamp="2026-08-15T21:15:39.499524+07:00" hostname="DESKTOP-5836H7F"><testcase classname="candidates.run-01.tests_ai.test_calculator" name="test_minimum_fee" time="0.001" /><testcase classname="candidates.run-01.tests_ai.test_calculator" name="test_exact_minimum_fee" time="0.001" /><testcase classname="candidates.run-01.tests_ai.test_calculator" name="test_fee_between_min_and_max" time="0.000" /><testcase classname="candidates.run-01.tests_ai.test_calculator" name="test_exact_maximum_fee" time="0.000" /><testcase classname="candidates.run-01.tests_ai.test_calculator" name="test_maximum_fee" time="0.000" /><testcase classname="candidates.run-01.tests_ai.test_calculator" name="test_round_down_to_nearest_1000" time="0.000" /><testcase classname="candidates.run-01.tests_ai.test_calculator" name="test_round_up_to_nearest_1000" time="0.000" /><testcase classname="candidates.run-01.tests_ai.test_calculator" name="test_half_rounds_up" time="0.000" /><testcase classname="candidates.run-01.tests_ai.test_calculator" name="test_vip_regular_fee" time="0.000" /><testcase classname="candidates.run-01.tests_ai.test_calculator" name="test_vip_minimum_base_fee" time="0.000" /><testcase classname="candidates.run-01.tests_ai.test_calculator" name="test_vip_maximum_base_fee" time="0.000" /><testcase classname="candidates.run-01.tests_ai.test_calculator" name="test_vip_rounding_down" time="0.000" /><testcase classname="candidates.run-01.tests_ai.test_calculator" name="test_vip_rounding_up" time="0.000" /><testcase classname="candidates.run-01.tests_ai.test_calculator" name="test_vip_half_rounds_up" time="0.000" /><testcase classname="candidates.run-01.tests_ai.test_calculator" name="test_float_amount" time="0.000" /><testcase classname="candidates.run-01.tests_ai.test_calculator" name="test_decimal_amount" time="0.000" /><testcase classname="candidates.run-01.tests_ai.test_calculator" name="test_zero_and_negative_amounts_rejected[0]" time="0.001" /><testcase classname="candidates.run-01.tests_ai.test_calculator" name="test_zero_and_negative_amounts_rejected[-1]" time="0.000" /><testcase classname="candidates.run-01.tests_ai.test_calculator" name="test_zero_and_negative_amounts_rejected[-100000]" time="0.001" /><testcase classname="candidates.run-01.tests_ai.test_calculator" name="test_zero_and_negative_amounts_rejected[amount3]" time="0.001" /><testcase classname="candidates.run-01.tests_ai.test_calculator" name="test_zero_and_negative_amounts_rejected[amount4]" time="0.001" /><testcase classname="candidates.run-01.tests_ai.test_calculator" name="test_non_finite_amounts_rejected[nan]" time="0.001" /><testcase classname="candidates.run-01.tests_ai.test_calculator" name="test_non_finite_amounts_rejected[inf]" time="0.001" /><testcase classname="candidates.run-01.tests_ai.test_calculator" name="test_non_finite_amounts_rejected[-inf]" time="0.001" /><testcase classname="candidates.run-01.tests_ai.test_calculator" name="test_non_finite_amounts_rejected[amount3]" time="0.001" /><testcase classname="candidates.run-01.tests_ai.test_calculator" name="test_non_finite_amounts_rejected[amount4]" time="0.001" /><testcase classname="candidates.run-01.tests_ai.test_calculator" name="test_non_finite_amounts_rejected[amount5]" time="0.001" /><testcase classname="candidates.run-01.tests_ai.test_calculator" name="test_non_numeric_amounts_rejected[None]" time="0.001" /><testcase classname="candidates.run-01.tests_ai.test_calculator" name="test_non_numeric_amounts_rejected[1000000]" time="0.001" /><testcase classname="candidates.run-01.tests_ai.test_calculator" name="test_non_numeric_amounts_rejected[]" time="0.001" /><testcase classname="candidates.run-01.tests_ai.test_calculator" name="test_non_numeric_amounts_rejected[amount3]" time="0.001" /><testcase classname="candidates.run-01.tests_ai.test_calculator" name="test_non_numeric_amounts_rejected[amount4]" time="0.001" /><testcase classname="candidates.run-01.tests_ai.test_calculator" name="test_non_numeric_amounts_rejected[amount5]" time="0.001" /><testcase classname="candidates.run-01.tests_ai.test_calculator" name="test_non_numeric_amounts_rejected[True]" time="0.001" /><testcase classname="candidates.run-01.tests_ai.test_calculator" name="test_non_numeric_amounts_rejected[False]" time="0.001" /><testcase classname="candidates.run-01.tests_ai.test_calculator" name="test_invalid_vip_flag_rejected[1]" time="0.001" /><testcase classname="candidates.run-01.tests_ai.test_calculator" name="test_invalid_vip_flag_rejected[0]" time="0.001" /><testcase classname="candidates.run-01.tests_ai.test_calculator" name="test_invalid_vip_flag_rejected[yes]" time="0.001" /><testcase classname="candidates.run-01.tests_ai.test_calculator" name="test_invalid_vip_flag_rejected[false]" time="0.000" /><testcase classname="candidates.run-01.tests_ai.test_calculator" name="test_invalid_vip_flag_rejected[None]" time="0.000" /><testcase classname="candidates.run-01.tests_ai.test_calculator" name="test_invalid_vip_flag_rejected[is_vip5]" time="0.000" /></testsuite></testsuites>